<?xml version="1.0" encoding="UTF-8"?>
<!-- Generated by org.testng.reporters.JUnitReportReporter -->
<testsuite hostname="LAPTOP-I47JPUBR" failures="0" tests="3" name="com.crm.qa.testcases.CheckOutPageTest" time="15.719" errors="0" timestamp="2023-02-12T12:20:52 IST" skipped="0">
  <testcase classname="com.crm.qa.testcases.CheckOutPageTest" name="enterUserDetailsFromSheet" time="5.764"/>
  <system-out/>
  <testcase classname="com.crm.qa.testcases.CheckOutPageTest" name="enterUserDetails" time="5.222"/>
  <system-out/>
  <testcase classname="com.crm.qa.testcases.CheckOutPageTest" name="enterUserDetailsFromSheet" time="4.733"/>
  <system-out/>
</testsuite> <!-- com.crm.qa.testcases.CheckOutPageTest -->
