<?xml version="1.0" encoding="UTF-8"?>
<!-- Generated by org.testng.reporters.JUnitReportReporter -->
<testsuite hostname="LAPTOP-I47JPUBR" failures="0" tests="3" name="com.crm.qa.testcases.OverViewPageTest" time="16.254" errors="0" timestamp="2023-02-12T12:20:52 IST" skipped="0">
  <testcase classname="com.crm.qa.testcases.OverViewPageTest" name="finishBtnClick" time="5.600"/>
  <system-out/>
  <testcase classname="com.crm.qa.testcases.OverViewPageTest" name="shippingInfoDisplayed" time="5.621"/>
  <system-out/>
  <testcase classname="com.crm.qa.testcases.OverViewPageTest" name="paymentInfoDisplayed" time="5.033"/>
  <system-out/>
</testsuite> <!-- com.crm.qa.testcases.OverViewPageTest -->
