<?xml version="1.0" encoding="UTF-8"?>
<!-- Generated by org.testng.reporters.JUnitReportReporter -->
<testsuite hostname="LAPTOP-I47JPUBR" failures="0" tests="1" name="com.crm.qa.testcases.OrderCompletePageTest" time="5.486" errors="0" timestamp="2023-02-15T09:56:07 IST" skipped="0">
  <testcase classname="com.crm.qa.testcases.OrderCompletePageTest" name="ponyExpressImageDisplayed" time="5.486"/>
  <system-out/>
</testsuite> <!-- com.crm.qa.testcases.OrderCompletePageTest -->
