<?xml version="1.0" encoding="UTF-8"?>
<!-- Generated by org.testng.reporters.JUnitReportReporter -->
<testsuite hostname="LAPTOP-I47JPUBR" failures="0" tests="3" name="com.crm.qa.testcases.LoginPageTest" time="14.063" errors="0" timestamp="2023-02-15T09:43:26 IST" skipped="0">
  <testcase classname="com.crm.qa.testcases.LoginPageTest" name="loginPageTitleTest" time="2.731"/>
  <system-out/>
  <testcase classname="com.crm.qa.testcases.LoginPageTest" name="logoImageTest" time="8.381"/>
  <system-out/>
  <testcase classname="com.crm.qa.testcases.LoginPageTest" name="loginTest" time="2.951"/>
  <system-out/>
</testsuite> <!-- com.crm.qa.testcases.LoginPageTest -->
