<?xml version="1.0" encoding="UTF-8"?>
<!-- Generated by org.testng.reporters.JUnitReportReporter -->
<testsuite hostname="LAPTOP-I47JPUBR" failures="0" tests="2" name="com.crm.qa.testcases.HomePageTest" time="8.942" errors="0" timestamp="2023-02-12T12:20:52 IST" skipped="0">
  <testcase classname="com.crm.qa.testcases.HomePageTest" name="sortByPrice" time="4.575"/>
  <system-out/>
  <testcase classname="com.crm.qa.testcases.HomePageTest" name="addToCart" time="4.367"/>
  <system-out/>
</testsuite> <!-- com.crm.qa.testcases.HomePageTest -->
