<?xml version="1.0" encoding="UTF-8"?>
<!-- Generated by org.testng.reporters.JUnitReportReporter -->
<testsuite hostname="LAPTOP-I47JPUBR" failures="0" tests="2" name="com.crm.qa.testcases.CheckOutPageTest" time="11.082" errors="0" timestamp="2023-02-15T09:48:34 IST" skipped="0">
  <testcase classname="com.crm.qa.testcases.CheckOutPageTest" name="enterUserDetailsFromSheet" time="4.409"/>
  <system-out/>
  <testcase classname="com.crm.qa.testcases.CheckOutPageTest" name="enterUserDetailsFromSheet" time="6.673"/>
  <system-out/>
</testsuite> <!-- com.crm.qa.testcases.CheckOutPageTest -->
