<?xml version="1.0" encoding="UTF-8"?>
<!-- Generated by org.testng.reporters.JUnitReportReporter -->
<testsuite hostname="LAPTOP-I47JPUBR" failures="0" tests="3" name="com.crm.qa.testcases.LoginPageTest" time="13.924" errors="0" timestamp="2023-02-12T12:20:52 IST" skipped="0">
  <testcase classname="com.crm.qa.testcases.LoginPageTest" name="loginPageTitleTest" time="4.063"/>
  <system-out/>
  <testcase classname="com.crm.qa.testcases.LoginPageTest" name="logoImageTest" time="5.671"/>
  <system-out/>
  <testcase classname="com.crm.qa.testcases.LoginPageTest" name="loginTest" time="4.190"/>
  <system-out/>
</testsuite> <!-- com.crm.qa.testcases.LoginPageTest -->
